2019-06-30 09:41:45,717 [Worker-5] INFO  o.e.m.c.i.l.LifecycleMappingFactory - Using org.eclipse.m2e.jdt.JarLifecycleMapping lifecycle mapping for MavenProject: com.itheima:dao:1.0-SNAPSHOT @ C:\Users\Administrator\Desktop\ssm\heaven_travel\dao\pom.xml.
2019-06-30 09:41:46,576 [Worker-5] INFO  o.e.m.c.i.l.LifecycleMappingFactory - Using org.eclipse.m2e.jdt.JarLifecycleMapping lifecycle mapping for MavenProject: com.itheima:domain:1.0-SNAPSHOT @ C:\Users\Administrator\Desktop\ssm\heaven_travel\domain\pom.xml.
2019-06-30 09:41:46,718 [Worker-5] INFO  o.e.m.c.i.l.LifecycleMappingFactory - Using NULL lifecycle mapping for MavenProject: com.itheima:parent:1.0-SNAPSHOT @ C:\Users\Administrator\Desktop\ssm\heaven_travel\parent\pom.xml.
2019-06-30 09:41:46,906 [Worker-5] INFO  o.e.m.c.i.l.LifecycleMappingFactory - Using org.eclipse.m2e.jdt.JarLifecycleMapping lifecycle mapping for MavenProject: com.itheima:service:1.0-SNAPSHOT @ C:\Users\Administrator\Desktop\ssm\heaven_travel\service\pom.xml.
2019-06-30 09:41:47,029 [Worker-5] INFO  o.e.m.c.i.l.LifecycleMappingFactory - Using org.maven.ide.eclipse.wtp.WarLifecycleMapping lifecycle mapping for MavenProject: com.itheima:web:1.0-SNAPSHOT @ C:\Users\Administrator\Desktop\ssm\heaven_travel\web\pom.xml.
2019-06-30 09:41:47,177 [Worker-5] INFO  o.e.m.c.i.l.LifecycleMappingFactory - Using org.eclipse.m2e.jdt.JarLifecycleMapping lifecycle mapping for MavenProject: com.itheima:utils:1.0-SNAPSHOT @ C:\Users\Administrator\Desktop\ssm\heaven_travel\utils\pom.xml.
2019-06-30 09:41:49,873 [Worker-5] INFO  o.e.m.j.i.AbstractJavaProjectConfigurator - Adding source folder /utils/src/main/java
2019-06-30 09:41:49,874 [Worker-5] INFO  o.e.m.j.i.AbstractJavaProjectConfigurator - Adding source folder /utils/src/test/java
2019-06-30 09:41:51,112 [Worker-5] INFO  o.e.m.j.i.AbstractJavaProjectConfigurator - Adding source folder /domain/src/main/java
2019-06-30 09:41:51,112 [Worker-5] INFO  o.e.m.j.i.AbstractJavaProjectConfigurator - Adding source folder /domain/src/test/java
2019-06-30 09:41:51,316 [Worker-5] INFO  o.e.m.j.i.AbstractJavaProjectConfigurator - Adding source folder /dao/src/main/java
2019-06-30 09:41:51,317 [Worker-5] INFO  o.e.m.j.i.AbstractJavaProjectConfigurator - Adding source folder /dao/src/test/java
2019-06-30 09:41:51,474 [Worker-5] INFO  o.e.m.j.i.AbstractJavaProjectConfigurator - Adding source folder /service/src/main/java
2019-06-30 09:41:51,476 [Worker-5] INFO  o.e.m.j.i.AbstractJavaProjectConfigurator - Adding source folder /service/src/test/java
2019-06-30 09:41:51,722 [Worker-5] INFO  o.e.m.j.i.AbstractJavaProjectConfigurator - Adding source folder /web/src/main/java
2019-06-30 09:41:51,723 [Worker-5] INFO  o.e.m.j.i.AbstractJavaProjectConfigurator - Adding resource folder /web/src/main/resources
2019-06-30 09:41:51,728 [Worker-5] INFO  o.e.m.j.i.AbstractJavaProjectConfigurator - Adding source folder /web/src/test/java
2019-06-30 09:41:56,851 [Worker-5] INFO  o.e.m.c.i.p.ProjectConfigurationManager - Imported and configured 6 project(s) in 14 sec
2019-06-30 09:42:01,589 [Worker-0] WARN  o.e.m.c.i.embedder.EclipseLogger - Using platform encoding (GBK actually) to copy filtered resources, i.e. build is platform dependent!
2019-06-30 09:42:01,593 [Worker-0] INFO  o.e.m.c.i.embedder.EclipseLogger - skip non existing resourceDirectory C:\Users\Administrator\Desktop\ssm\heaven_travel\utils\src\main\resources
2019-06-30 09:42:01,597 [Worker-0] WARN  o.e.m.c.i.embedder.EclipseLogger - Using platform encoding (GBK actually) to copy filtered resources, i.e. build is platform dependent!
2019-06-30 09:42:01,598 [Worker-0] INFO  o.e.m.c.i.embedder.EclipseLogger - skip non existing resourceDirectory C:\Users\Administrator\Desktop\ssm\heaven_travel\utils\src\test\resources
2019-06-30 09:42:02,298 [Worker-0] WARN  o.e.m.c.i.embedder.EclipseLogger - Using platform encoding (GBK actually) to copy filtered resources, i.e. build is platform dependent!
2019-06-30 09:42:02,299 [Worker-0] INFO  o.e.m.c.i.embedder.EclipseLogger - skip non existing resourceDirectory C:\Users\Administrator\Desktop\ssm\heaven_travel\domain\src\main\resources
2019-06-30 09:42:02,302 [Worker-0] WARN  o.e.m.c.i.embedder.EclipseLogger - Using platform encoding (GBK actually) to copy filtered resources, i.e. build is platform dependent!
2019-06-30 09:42:02,303 [Worker-0] INFO  o.e.m.c.i.embedder.EclipseLogger - skip non existing resourceDirectory C:\Users\Administrator\Desktop\ssm\heaven_travel\domain\src\test\resources
2019-06-30 09:42:02,854 [Worker-0] WARN  o.e.m.c.i.embedder.EclipseLogger - Using platform encoding (GBK actually) to copy filtered resources, i.e. build is platform dependent!
2019-06-30 09:42:02,856 [Worker-0] INFO  o.e.m.c.i.embedder.EclipseLogger - skip non existing resourceDirectory C:\Users\Administrator\Desktop\ssm\heaven_travel\dao\src\main\resources
2019-06-30 09:42:02,858 [Worker-0] WARN  o.e.m.c.i.embedder.EclipseLogger - Using platform encoding (GBK actually) to copy filtered resources, i.e. build is platform dependent!
2019-06-30 09:42:02,861 [Worker-0] INFO  o.e.m.c.i.embedder.EclipseLogger - skip non existing resourceDirectory C:\Users\Administrator\Desktop\ssm\heaven_travel\dao\src\test\resources
2019-06-30 09:42:03,256 [Worker-0] WARN  o.e.m.c.i.embedder.EclipseLogger - Using platform encoding (GBK actually) to copy filtered resources, i.e. build is platform dependent!
2019-06-30 09:42:03,257 [Worker-0] INFO  o.e.m.c.i.embedder.EclipseLogger - skip non existing resourceDirectory C:\Users\Administrator\Desktop\ssm\heaven_travel\service\src\main\resources
2019-06-30 09:42:03,259 [Worker-0] WARN  o.e.m.c.i.embedder.EclipseLogger - Using platform encoding (GBK actually) to copy filtered resources, i.e. build is platform dependent!
2019-06-30 09:42:03,260 [Worker-0] INFO  o.e.m.c.i.embedder.EclipseLogger - skip non existing resourceDirectory C:\Users\Administrator\Desktop\ssm\heaven_travel\service\src\test\resources
2019-06-30 09:42:04,432 [Worker-0] INFO  o.e.m.c.i.embedder.EclipseLogger - Using 'UTF-8' encoding to copy filtered resources.
2019-06-30 09:42:04,442 [Worker-0] INFO  o.e.m.c.i.embedder.EclipseLogger - Copying 5 resources
2019-06-30 09:42:04,463 [Worker-0] INFO  o.e.m.c.i.embedder.EclipseLogger - Using 'UTF-8' encoding to copy filtered resources.
2019-06-30 09:42:04,463 [Worker-0] INFO  o.e.m.c.i.embedder.EclipseLogger - skip non existing resourceDirectory C:\Users\Administrator\Desktop\ssm\heaven_travel\web\src\test\resources
2019-06-30 09:43:16,431 [Worker-9] INFO  o.e.m.c.i.l.LifecycleMappingFactory - Using NULL lifecycle mapping for MavenProject: com.itheima:parent:1.0-SNAPSHOT @ C:\Users\Administrator\Desktop\ssm\heaven_travel\parent\pom.xml.
2019-06-30 09:43:18,819 [Worker-9] INFO  o.e.m.c.i.l.LifecycleMappingFactory - Using org.maven.ide.eclipse.wtp.WarLifecycleMapping lifecycle mapping for MavenProject: com.itheima:web:1.0-SNAPSHOT @ C:\Users\Administrator\Desktop\ssm\heaven_travel\web\pom.xml.
2019-06-30 09:43:18,962 [Worker-9] INFO  o.e.m.c.i.l.LifecycleMappingFactory - Using org.eclipse.m2e.jdt.JarLifecycleMapping lifecycle mapping for MavenProject: com.itheima:utils:1.0-SNAPSHOT @ C:\Users\Administrator\Desktop\ssm\heaven_travel\utils\pom.xml.
2019-06-30 09:43:19,025 [Worker-9] INFO  o.e.m.c.i.l.LifecycleMappingFactory - Using org.eclipse.m2e.jdt.JarLifecycleMapping lifecycle mapping for MavenProject: com.itheima:domain:1.0-SNAPSHOT @ C:\Users\Administrator\Desktop\ssm\heaven_travel\domain\pom.xml.
2019-06-30 09:43:19,132 [Worker-9] INFO  o.e.m.c.i.l.LifecycleMappingFactory - Using org.eclipse.m2e.jdt.JarLifecycleMapping lifecycle mapping for MavenProject: com.itheima:service:1.0-SNAPSHOT @ C:\Users\Administrator\Desktop\ssm\heaven_travel\service\pom.xml.
2019-06-30 09:43:19,467 [Worker-9] INFO  o.e.m.c.i.l.LifecycleMappingFactory - Using org.eclipse.m2e.jdt.JarLifecycleMapping lifecycle mapping for MavenProject: com.itheima:dao:1.0-SNAPSHOT @ C:\Users\Administrator\Desktop\ssm\heaven_travel\dao\pom.xml.
2019-06-30 09:44:27,338 [Worker-11] WARN  o.e.m.c.i.embedder.EclipseLogger - Using platform encoding (GBK actually) to copy filtered resources, i.e. build is platform dependent!
2019-06-30 09:44:27,339 [Worker-11] INFO  o.e.m.c.i.embedder.EclipseLogger - skip non existing resourceDirectory C:\Users\Administrator\Desktop\ssm\heaven_travel\utils\src\main\resources
2019-06-30 09:44:27,349 [Worker-11] WARN  o.e.m.c.i.embedder.EclipseLogger - Using platform encoding (GBK actually) to copy filtered resources, i.e. build is platform dependent!
2019-06-30 09:44:27,351 [Worker-11] INFO  o.e.m.c.i.embedder.EclipseLogger - skip non existing resourceDirectory C:\Users\Administrator\Desktop\ssm\heaven_travel\utils\src\test\resources
2019-06-30 09:44:28,133 [Worker-11] WARN  o.e.m.c.i.embedder.EclipseLogger - Using platform encoding (GBK actually) to copy filtered resources, i.e. build is platform dependent!
2019-06-30 09:44:28,134 [Worker-11] INFO  o.e.m.c.i.embedder.EclipseLogger - skip non existing resourceDirectory C:\Users\Administrator\Desktop\ssm\heaven_travel\domain\src\main\resources
2019-06-30 09:44:28,147 [Worker-11] WARN  o.e.m.c.i.embedder.EclipseLogger - Using platform encoding (GBK actually) to copy filtered resources, i.e. build is platform dependent!
2019-06-30 09:44:28,148 [Worker-11] INFO  o.e.m.c.i.embedder.EclipseLogger - skip non existing resourceDirectory C:\Users\Administrator\Desktop\ssm\heaven_travel\domain\src\test\resources
2019-06-30 09:44:28,601 [Worker-11] WARN  o.e.m.c.i.embedder.EclipseLogger - Using platform encoding (GBK actually) to copy filtered resources, i.e. build is platform dependent!
2019-06-30 09:44:28,603 [Worker-11] INFO  o.e.m.c.i.embedder.EclipseLogger - skip non existing resourceDirectory C:\Users\Administrator\Desktop\ssm\heaven_travel\dao\src\main\resources
2019-06-30 09:44:28,623 [Worker-11] WARN  o.e.m.c.i.embedder.EclipseLogger - Using platform encoding (GBK actually) to copy filtered resources, i.e. build is platform dependent!
2019-06-30 09:44:28,625 [Worker-11] INFO  o.e.m.c.i.embedder.EclipseLogger - skip non existing resourceDirectory C:\Users\Administrator\Desktop\ssm\heaven_travel\dao\src\test\resources
2019-06-30 09:44:29,105 [Worker-11] WARN  o.e.m.c.i.embedder.EclipseLogger - Using platform encoding (GBK actually) to copy filtered resources, i.e. build is platform dependent!
2019-06-30 09:44:29,106 [Worker-11] INFO  o.e.m.c.i.embedder.EclipseLogger - skip non existing resourceDirectory C:\Users\Administrator\Desktop\ssm\heaven_travel\service\src\main\resources
2019-06-30 09:44:29,108 [Worker-11] WARN  o.e.m.c.i.embedder.EclipseLogger - Using platform encoding (GBK actually) to copy filtered resources, i.e. build is platform dependent!
2019-06-30 09:44:29,109 [Worker-11] INFO  o.e.m.c.i.embedder.EclipseLogger - skip non existing resourceDirectory C:\Users\Administrator\Desktop\ssm\heaven_travel\service\src\test\resources
2019-06-30 09:44:29,633 [Worker-11] INFO  o.e.m.c.i.embedder.EclipseLogger - Using 'UTF-8' encoding to copy filtered resources.
2019-06-30 09:44:29,646 [Worker-11] INFO  o.e.m.c.i.embedder.EclipseLogger - Copying 5 resources
2019-06-30 09:44:29,717 [Worker-11] INFO  o.e.m.c.i.embedder.EclipseLogger - Using 'UTF-8' encoding to copy filtered resources.
2019-06-30 09:44:29,717 [Worker-11] INFO  o.e.m.c.i.embedder.EclipseLogger - skip non existing resourceDirectory C:\Users\Administrator\Desktop\ssm\heaven_travel\web\src\test\resources
2019-06-30 09:45:46,570 [Worker-15] INFO  o.e.m.i.launch.MavenLaunchDelegate - C:\Users\Administrator\Desktop\ssm\heaven_travel\utils
2019-06-30 09:45:46,572 [Worker-15] INFO  o.e.m.i.launch.MavenLaunchDelegate -  mvn -B -s D:\IDEA\apache-maven-3.5.2\conf\settings.xml clean
2019-06-30 09:45:49,896 [Worker-4] WARN  o.e.m.c.i.embedder.EclipseLogger - Using platform encoding (GBK actually) to copy filtered resources, i.e. build is platform dependent!
2019-06-30 09:45:49,898 [Worker-4] INFO  o.e.m.c.i.embedder.EclipseLogger - skip non existing resourceDirectory C:\Users\Administrator\Desktop\ssm\heaven_travel\utils\src\main\resources
2019-06-30 09:45:49,900 [Worker-4] WARN  o.e.m.c.i.embedder.EclipseLogger - Using platform encoding (GBK actually) to copy filtered resources, i.e. build is platform dependent!
2019-06-30 09:45:49,901 [Worker-4] INFO  o.e.m.c.i.embedder.EclipseLogger - skip non existing resourceDirectory C:\Users\Administrator\Desktop\ssm\heaven_travel\utils\src\test\resources
2019-06-30 09:46:00,757 [main] INFO  o.e.m2e.actions.ExecutePomAction - Creating new launch configuration
2019-06-30 09:46:24,035 [Worker-0] INFO  o.e.m.i.launch.MavenLaunchDelegate - C:\Users\Administrator\Desktop\ssm\heaven_travel\utils
2019-06-30 09:46:24,035 [Worker-0] INFO  o.e.m.i.launch.MavenLaunchDelegate -  mvn -B -s D:\IDEA\apache-maven-3.5.2\conf\settings.xml tomcat7:run
2019-06-30 09:49:04,440 [main] INFO  o.e.m2e.actions.ExecutePomAction - Creating new launch configuration
2019-06-30 09:49:18,275 [Worker-6] INFO  o.e.m.i.launch.MavenLaunchDelegate - C:\Users\Administrator\Desktop\ssm\heaven_travel\web
2019-06-30 09:49:18,276 [Worker-6] INFO  o.e.m.i.launch.MavenLaunchDelegate -  mvn -B -s D:\IDEA\apache-maven-3.5.2\conf\settings.xml tomcat7:run
2019-06-30 09:52:09,419 [Worker-6] INFO  o.e.m.i.launch.MavenLaunchDelegate - C:\Users\Administrator\Desktop\ssm\heaven_travel\utils
2019-06-30 09:52:09,419 [Worker-6] INFO  o.e.m.i.launch.MavenLaunchDelegate -  mvn -B -s D:\IDEA\apache-maven-3.5.2\conf\settings.xml clean
2019-06-30 09:52:12,294 [Worker-2] WARN  o.e.m.c.i.embedder.EclipseLogger - Using platform encoding (GBK actually) to copy filtered resources, i.e. build is platform dependent!
2019-06-30 09:52:12,294 [Worker-2] INFO  o.e.m.c.i.embedder.EclipseLogger - skip non existing resourceDirectory C:\Users\Administrator\Desktop\ssm\heaven_travel\utils\src\main\resources
2019-06-30 09:52:12,294 [Worker-2] WARN  o.e.m.c.i.embedder.EclipseLogger - Using platform encoding (GBK actually) to copy filtered resources, i.e. build is platform dependent!
2019-06-30 09:52:12,294 [Worker-2] INFO  o.e.m.c.i.embedder.EclipseLogger - skip non existing resourceDirectory C:\Users\Administrator\Desktop\ssm\heaven_travel\utils\src\test\resources
2019-06-30 09:52:19,033 [main] INFO  o.e.m2e.actions.ExecutePomAction - Using existing launch configuration
2019-06-30 09:52:19,111 [Worker-2] INFO  o.e.m.i.launch.MavenLaunchDelegate - C:\Users\Administrator\Desktop\ssm\heaven_travel\utils
2019-06-30 09:52:19,111 [Worker-2] INFO  o.e.m.i.launch.MavenLaunchDelegate -  mvn -B -s D:\IDEA\apache-maven-3.5.2\conf\settings.xml tomcat7:run
2019-06-30 09:52:39,931 [main] INFO  o.e.m2e.actions.ExecutePomAction - Using existing launch configuration
2019-06-30 09:52:40,009 [Worker-5] INFO  o.e.m.i.launch.MavenLaunchDelegate - C:\Users\Administrator\Desktop\ssm\heaven_travel\web
2019-06-30 09:52:40,009 [Worker-5] INFO  o.e.m.i.launch.MavenLaunchDelegate -  mvn -B -s D:\IDEA\apache-maven-3.5.2\conf\settings.xml tomcat7:run
2019-06-30 09:57:09,084 [main] INFO  o.e.m2e.actions.ExecutePomAction - Using existing launch configuration
2019-06-30 09:57:09,162 [Worker-10] INFO  o.e.m.i.launch.MavenLaunchDelegate - C:\Users\Administrator\Desktop\ssm\heaven_travel\web
2019-06-30 09:57:09,162 [Worker-10] INFO  o.e.m.i.launch.MavenLaunchDelegate -  mvn -B -s D:\IDEA\apache-maven-3.5.2\conf\settings.xml tomcat7:run
2019-06-30 09:57:33,119 [main] INFO  o.e.m2e.actions.ExecutePomAction - Using existing launch configuration
2019-06-30 09:57:33,259 [Worker-17] INFO  o.e.m.i.launch.MavenLaunchDelegate - C:\Users\Administrator\Desktop\ssm\heaven_travel\utils
2019-06-30 09:57:33,259 [Worker-17] INFO  o.e.m.i.launch.MavenLaunchDelegate -  mvn -B -s D:\IDEA\apache-maven-3.5.2\conf\settings.xml tomcat7:run
2019-06-30 10:02:38,370 [main] INFO  o.e.m2e.actions.ExecutePomAction - Using existing launch configuration
2019-06-30 10:02:41,599 [Worker-21] INFO  o.e.m.i.launch.MavenLaunchDelegate - C:\Users\Administrator\Desktop\ssm\heaven_travel\utils
2019-06-30 10:02:41,599 [Worker-21] INFO  o.e.m.i.launch.MavenLaunchDelegate -  mvn -B -s D:\IDEA\apache-maven-3.5.2\conf\settings.xml tomcat7:run
2019-06-30 10:02:41,895 [Worker-25] INFO  o.e.m.c.i.l.LifecycleMappingFactory - Using NULL lifecycle mapping for MavenProject: com.itheima:parent:1.0-SNAPSHOT @ C:\Users\Administrator\Desktop\ssm\heaven_travel\parent\pom.xml.
2019-06-30 10:02:43,299 [Worker-25] INFO  o.e.m.c.i.l.LifecycleMappingFactory - Using org.maven.ide.eclipse.wtp.WarLifecycleMapping lifecycle mapping for MavenProject: com.itheima:web:1.0-SNAPSHOT @ C:\Users\Administrator\Desktop\ssm\heaven_travel\web\pom.xml.
2019-06-30 10:02:43,845 [Worker-25] INFO  o.e.m.c.i.l.LifecycleMappingFactory - Using org.eclipse.m2e.jdt.JarLifecycleMapping lifecycle mapping for MavenProject: com.itheima:utils:1.0-SNAPSHOT @ C:\Users\Administrator\Desktop\ssm\heaven_travel\utils\pom.xml.
2019-06-30 10:02:43,892 [Worker-25] INFO  o.e.m.c.i.l.LifecycleMappingFactory - Using org.eclipse.m2e.jdt.JarLifecycleMapping lifecycle mapping for MavenProject: com.itheima:domain:1.0-SNAPSHOT @ C:\Users\Administrator\Desktop\ssm\heaven_travel\domain\pom.xml.
2019-06-30 10:02:43,954 [Worker-25] INFO  o.e.m.c.i.l.LifecycleMappingFactory - Using org.eclipse.m2e.jdt.JarLifecycleMapping lifecycle mapping for MavenProject: com.itheima:service:1.0-SNAPSHOT @ C:\Users\Administrator\Desktop\ssm\heaven_travel\service\pom.xml.
2019-06-30 10:02:44,344 [Worker-25] INFO  o.e.m.c.i.l.LifecycleMappingFactory - Using org.eclipse.m2e.jdt.JarLifecycleMapping lifecycle mapping for MavenProject: com.itheima:dao:1.0-SNAPSHOT @ C:\Users\Administrator\Desktop\ssm\heaven_travel\dao\pom.xml.
2019-06-30 10:02:47,532 [Worker-26] WARN  o.e.m.c.i.embedder.EclipseLogger - Using platform encoding (GBK actually) to copy filtered resources, i.e. build is platform dependent!
2019-06-30 10:02:47,532 [Worker-26] INFO  o.e.m.c.i.embedder.EclipseLogger - skip non existing resourceDirectory C:\Users\Administrator\Desktop\ssm\heaven_travel\utils\src\main\resources
2019-06-30 10:02:47,532 [Worker-26] WARN  o.e.m.c.i.embedder.EclipseLogger - Using platform encoding (GBK actually) to copy filtered resources, i.e. build is platform dependent!
2019-06-30 10:02:47,548 [Worker-26] INFO  o.e.m.c.i.embedder.EclipseLogger - skip non existing resourceDirectory C:\Users\Administrator\Desktop\ssm\heaven_travel\utils\src\test\resources
2019-06-30 10:02:47,751 [Worker-26] WARN  o.e.m.c.i.embedder.EclipseLogger - Using platform encoding (GBK actually) to copy filtered resources, i.e. build is platform dependent!
2019-06-30 10:02:47,751 [Worker-26] INFO  o.e.m.c.i.embedder.EclipseLogger - skip non existing resourceDirectory C:\Users\Administrator\Desktop\ssm\heaven_travel\domain\src\main\resources
2019-06-30 10:02:47,751 [Worker-26] WARN  o.e.m.c.i.embedder.EclipseLogger - Using platform encoding (GBK actually) to copy filtered resources, i.e. build is platform dependent!
2019-06-30 10:02:47,751 [Worker-26] INFO  o.e.m.c.i.embedder.EclipseLogger - skip non existing resourceDirectory C:\Users\Administrator\Desktop\ssm\heaven_travel\domain\src\test\resources
2019-06-30 10:02:48,032 [Worker-26] WARN  o.e.m.c.i.embedder.EclipseLogger - Using platform encoding (GBK actually) to copy filtered resources, i.e. build is platform dependent!
2019-06-30 10:02:48,032 [Worker-26] INFO  o.e.m.c.i.embedder.EclipseLogger - skip non existing resourceDirectory C:\Users\Administrator\Desktop\ssm\heaven_travel\dao\src\main\resources
2019-06-30 10:02:48,032 [Worker-26] WARN  o.e.m.c.i.embedder.EclipseLogger - Using platform encoding (GBK actually) to copy filtered resources, i.e. build is platform dependent!
2019-06-30 10:02:48,032 [Worker-26] INFO  o.e.m.c.i.embedder.EclipseLogger - skip non existing resourceDirectory C:\Users\Administrator\Desktop\ssm\heaven_travel\dao\src\test\resources
2019-06-30 10:02:48,172 [Worker-26] WARN  o.e.m.c.i.embedder.EclipseLogger - Using platform encoding (GBK actually) to copy filtered resources, i.e. build is platform dependent!
2019-06-30 10:02:48,172 [Worker-26] INFO  o.e.m.c.i.embedder.EclipseLogger - skip non existing resourceDirectory C:\Users\Administrator\Desktop\ssm\heaven_travel\service\src\main\resources
2019-06-30 10:02:48,172 [Worker-26] WARN  o.e.m.c.i.embedder.EclipseLogger - Using platform encoding (GBK actually) to copy filtered resources, i.e. build is platform dependent!
2019-06-30 10:02:48,172 [Worker-26] INFO  o.e.m.c.i.embedder.EclipseLogger - skip non existing resourceDirectory C:\Users\Administrator\Desktop\ssm\heaven_travel\service\src\test\resources
2019-06-30 10:02:48,500 [Worker-26] INFO  o.e.m.c.i.embedder.EclipseLogger - Using 'UTF-8' encoding to copy filtered resources.
2019-06-30 10:02:48,500 [Worker-26] INFO  o.e.m.c.i.embedder.EclipseLogger - Copying 0 resource
2019-06-30 10:02:48,500 [Worker-26] INFO  o.e.m.c.i.embedder.EclipseLogger - Using 'UTF-8' encoding to copy filtered resources.
2019-06-30 10:02:48,500 [Worker-26] INFO  o.e.m.c.i.embedder.EclipseLogger - skip non existing resourceDirectory C:\Users\Administrator\Desktop\ssm\heaven_travel\web\src\test\resources
2019-06-30 10:12:52,736 [Worker-29] INFO  o.e.m.i.launch.MavenLaunchDelegate - C:\Users\Administrator\Desktop\ssm\heaven_travel\web
2019-06-30 10:12:52,737 [Worker-29] INFO  o.e.m.i.launch.MavenLaunchDelegate -  mvn -B -s D:\IDEA\apache-maven-3.5.2\conf\settings.xml clean
2019-06-30 10:12:55,595 [Worker-35] INFO  o.e.m.c.i.embedder.EclipseLogger - Using 'UTF-8' encoding to copy filtered resources.
2019-06-30 10:12:55,596 [Worker-35] INFO  o.e.m.c.i.embedder.EclipseLogger - Copying 5 resources
2019-06-30 10:12:55,611 [Worker-35] INFO  o.e.m.c.i.embedder.EclipseLogger - Using 'UTF-8' encoding to copy filtered resources.
2019-06-30 10:12:55,613 [Worker-35] INFO  o.e.m.c.i.embedder.EclipseLogger - skip non existing resourceDirectory C:\Users\Administrator\Desktop\ssm\heaven_travel\web\src\test\resources
2019-06-30 10:12:55,614 [Worker-35] INFO  o.e.m.w.i.f.ResourceFilteringBuildParticipant - Changed resources require a complete clean of filtered resources of web
2019-06-30 10:12:55,615 [Worker-35] INFO  o.e.m.w.i.f.ResourceFilteringBuildParticipant - Executing resource filtering for web
2019-06-30 10:12:55,626 [Worker-35] INFO  o.e.m.c.i.embedder.EclipseLogger - Using 'UTF-8' encoding to copy filtered resources.
2019-06-30 10:13:08,922 [Worker-35] INFO  o.e.m.i.launch.MavenLaunchDelegate - C:\Users\Administrator\Desktop\ssm\heaven_travel\parent
2019-06-30 10:13:08,922 [Worker-35] INFO  o.e.m.i.launch.MavenLaunchDelegate -  mvn -B -s D:\IDEA\apache-maven-3.5.2\conf\settings.xml clean
2019-06-30 10:13:35,537 [Worker-35] INFO  o.e.m.i.launch.MavenLaunchDelegate - C:\Users\Administrator\Desktop\ssm\heaven_travel\domain
2019-06-30 10:13:35,538 [Worker-35] INFO  o.e.m.i.launch.MavenLaunchDelegate -  mvn -B -s D:\IDEA\apache-maven-3.5.2\conf\settings.xml clean
2019-06-30 10:14:04,111 [main] INFO  o.e.m2e.actions.ExecutePomAction - Using existing launch configuration
2019-06-30 10:14:04,194 [Worker-34] INFO  o.e.m.i.launch.MavenLaunchDelegate - C:\Users\Administrator\Desktop\ssm\heaven_travel\utils
2019-06-30 10:14:04,194 [Worker-34] INFO  o.e.m.i.launch.MavenLaunchDelegate -  mvn -B -s D:\IDEA\apache-maven-3.5.2\conf\settings.xml tomcat7:run
2019-06-30 10:15:06,902 [Worker-33] INFO  o.e.m.i.launch.MavenLaunchDelegate - C:\Users\Administrator\Desktop\ssm\heaven_travel\utils
2019-06-30 10:15:06,902 [Worker-33] INFO  o.e.m.i.launch.MavenLaunchDelegate -  mvn -B -s D:\IDEA\apache-maven-3.5.2\conf\settings.xml clean
2019-06-30 10:15:09,944 [Worker-33] WARN  o.e.m.c.i.embedder.EclipseLogger - Using platform encoding (GBK actually) to copy filtered resources, i.e. build is platform dependent!
2019-06-30 10:15:09,948 [Worker-33] INFO  o.e.m.c.i.embedder.EclipseLogger - skip non existing resourceDirectory C:\Users\Administrator\Desktop\ssm\heaven_travel\utils\src\main\resources
2019-06-30 10:15:09,950 [Worker-33] WARN  o.e.m.c.i.embedder.EclipseLogger - Using platform encoding (GBK actually) to copy filtered resources, i.e. build is platform dependent!
2019-06-30 10:15:09,950 [Worker-33] INFO  o.e.m.c.i.embedder.EclipseLogger - skip non existing resourceDirectory C:\Users\Administrator\Desktop\ssm\heaven_travel\utils\src\test\resources
2019-06-30 10:15:19,868 [main] INFO  o.e.m2e.actions.ExecutePomAction - Creating new launch configuration
2019-06-30 10:20:22,810 [Worker-35] INFO  o.e.m.c.i.l.LifecycleMappingFactory - Using org.maven.ide.eclipse.wtp.WarLifecycleMapping lifecycle mapping for MavenProject: com.itheima:web:1.0-SNAPSHOT @ C:\Users\Administrator\Desktop\ssm\heaven_travel\web\pom.xml.
2019-06-30 10:20:23,964 [Worker-35] INFO  o.e.m.c.i.embedder.EclipseLogger - Using 'UTF-8' encoding to copy filtered resources.
2019-06-30 10:20:23,964 [Worker-35] INFO  o.e.m.c.i.embedder.EclipseLogger - Copying 0 resource
2019-06-30 10:20:23,966 [Worker-35] INFO  o.e.m.c.i.embedder.EclipseLogger - Using 'UTF-8' encoding to copy filtered resources.
2019-06-30 10:20:23,966 [Worker-35] INFO  o.e.m.c.i.embedder.EclipseLogger - skip non existing resourceDirectory C:\Users\Administrator\Desktop\ssm\heaven_travel\web\src\test\resources
2019-06-30 10:20:23,967 [Worker-35] INFO  o.e.m.w.i.f.ResourceFilteringBuildParticipant - Changed resources require a complete clean of filtered resources of web
2019-06-30 10:20:23,967 [Worker-35] INFO  o.e.m.w.i.f.ResourceFilteringBuildParticipant - Executing resource filtering for web
2019-06-30 10:20:23,972 [Worker-35] INFO  o.e.m.c.i.embedder.EclipseLogger - Using 'UTF-8' encoding to copy filtered resources.
2019-06-30 10:21:00,257 [Worker-35] INFO  o.e.m.i.launch.MavenLaunchDelegate - C:\Users\Administrator\Desktop\ssm\heaven_travel\utils
2019-06-30 10:21:00,257 [Worker-35] INFO  o.e.m.i.launch.MavenLaunchDelegate -  mvn -B -s D:\IDEA\apache-maven-3.5.2\conf\settings.xml tomcat7:run
2019-06-30 10:22:30,762 [Worker-38] INFO  o.e.m.c.i.l.LifecycleMappingFactory - Using NULL lifecycle mapping for MavenProject: com.itheima:parent:1.0-SNAPSHOT @ C:\Users\Administrator\Desktop\ssm\heaven_travel\parent\pom.xml.
2019-06-30 10:22:31,239 [Worker-38] INFO  o.e.m.c.i.l.LifecycleMappingFactory - Using org.eclipse.m2e.jdt.JarLifecycleMapping lifecycle mapping for MavenProject: com.itheima:utils:1.0-SNAPSHOT @ C:\Users\Administrator\Desktop\ssm\heaven_travel\utils\pom.xml.
2019-06-30 10:22:31,291 [Worker-38] INFO  o.e.m.c.i.l.LifecycleMappingFactory - Using org.eclipse.m2e.jdt.JarLifecycleMapping lifecycle mapping for MavenProject: com.itheima:domain:1.0-SNAPSHOT @ C:\Users\Administrator\Desktop\ssm\heaven_travel\domain\pom.xml.
2019-06-30 10:22:31,336 [Worker-38] INFO  o.e.m.c.i.l.LifecycleMappingFactory - Using org.eclipse.m2e.jdt.JarLifecycleMapping lifecycle mapping for MavenProject: com.itheima:service:1.0-SNAPSHOT @ C:\Users\Administrator\Desktop\ssm\heaven_travel\service\pom.xml.
2019-06-30 10:22:31,378 [Worker-38] INFO  o.e.m.c.i.l.LifecycleMappingFactory - Using org.eclipse.m2e.jdt.JarLifecycleMapping lifecycle mapping for MavenProject: com.itheima:dao:1.0-SNAPSHOT @ C:\Users\Administrator\Desktop\ssm\heaven_travel\dao\pom.xml.
2019-06-30 10:22:31,417 [Worker-38] INFO  o.e.m.c.i.l.LifecycleMappingFactory - Using org.maven.ide.eclipse.wtp.WarLifecycleMapping lifecycle mapping for MavenProject: com.itheima:web:1.0-SNAPSHOT @ C:\Users\Administrator\Desktop\ssm\heaven_travel\web\pom.xml.
2019-06-30 10:22:33,637 [Worker-39] WARN  o.e.m.c.i.embedder.EclipseLogger - Using platform encoding (GBK actually) to copy filtered resources, i.e. build is platform dependent!
2019-06-30 10:22:33,638 [Worker-39] INFO  o.e.m.c.i.embedder.EclipseLogger - skip non existing resourceDirectory C:\Users\Administrator\Desktop\ssm\heaven_travel\utils\src\main\resources
2019-06-30 10:22:33,641 [Worker-39] WARN  o.e.m.c.i.embedder.EclipseLogger - Using platform encoding (GBK actually) to copy filtered resources, i.e. build is platform dependent!
2019-06-30 10:22:33,642 [Worker-39] INFO  o.e.m.c.i.embedder.EclipseLogger - skip non existing resourceDirectory C:\Users\Administrator\Desktop\ssm\heaven_travel\utils\src\test\resources
2019-06-30 10:22:33,780 [Worker-39] WARN  o.e.m.c.i.embedder.EclipseLogger - Using platform encoding (GBK actually) to copy filtered resources, i.e. build is platform dependent!
2019-06-30 10:22:33,781 [Worker-39] INFO  o.e.m.c.i.embedder.EclipseLogger - skip non existing resourceDirectory C:\Users\Administrator\Desktop\ssm\heaven_travel\domain\src\main\resources
2019-06-30 10:22:33,783 [Worker-39] WARN  o.e.m.c.i.embedder.EclipseLogger - Using platform encoding (GBK actually) to copy filtered resources, i.e. build is platform dependent!
2019-06-30 10:22:33,784 [Worker-39] INFO  o.e.m.c.i.embedder.EclipseLogger - skip non existing resourceDirectory C:\Users\Administrator\Desktop\ssm\heaven_travel\domain\src\test\resources
2019-06-30 10:22:33,926 [Worker-39] WARN  o.e.m.c.i.embedder.EclipseLogger - Using platform encoding (GBK actually) to copy filtered resources, i.e. build is platform dependent!
2019-06-30 10:22:33,927 [Worker-39] INFO  o.e.m.c.i.embedder.EclipseLogger - skip non existing resourceDirectory C:\Users\Administrator\Desktop\ssm\heaven_travel\dao\src\main\resources
2019-06-30 10:22:33,929 [Worker-39] WARN  o.e.m.c.i.embedder.EclipseLogger - Using platform encoding (GBK actually) to copy filtered resources, i.e. build is platform dependent!
2019-06-30 10:22:33,930 [Worker-39] INFO  o.e.m.c.i.embedder.EclipseLogger - skip non existing resourceDirectory C:\Users\Administrator\Desktop\ssm\heaven_travel\dao\src\test\resources
2019-06-30 10:22:34,204 [Worker-39] WARN  o.e.m.c.i.embedder.EclipseLogger - Using platform encoding (GBK actually) to copy filtered resources, i.e. build is platform dependent!
2019-06-30 10:22:34,204 [Worker-39] INFO  o.e.m.c.i.embedder.EclipseLogger - skip non existing resourceDirectory C:\Users\Administrator\Desktop\ssm\heaven_travel\service\src\main\resources
2019-06-30 10:22:34,206 [Worker-39] WARN  o.e.m.c.i.embedder.EclipseLogger - Using platform encoding (GBK actually) to copy filtered resources, i.e. build is platform dependent!
2019-06-30 10:22:34,207 [Worker-39] INFO  o.e.m.c.i.embedder.EclipseLogger - skip non existing resourceDirectory C:\Users\Administrator\Desktop\ssm\heaven_travel\service\src\test\resources
2019-06-30 10:22:34,355 [Worker-39] INFO  o.e.m.c.i.embedder.EclipseLogger - Using 'UTF-8' encoding to copy filtered resources.
2019-06-30 10:22:34,358 [Worker-39] INFO  o.e.m.c.i.embedder.EclipseLogger - Copying 0 resource
2019-06-30 10:22:34,360 [Worker-39] INFO  o.e.m.c.i.embedder.EclipseLogger - Using 'UTF-8' encoding to copy filtered resources.
2019-06-30 10:22:34,360 [Worker-39] INFO  o.e.m.c.i.embedder.EclipseLogger - skip non existing resourceDirectory C:\Users\Administrator\Desktop\ssm\heaven_travel\web\src\test\resources
2019-06-30 10:22:56,741 [Worker-36] INFO  o.e.m.i.launch.MavenLaunchDelegate - C:\Users\Administrator\Desktop\ssm\heaven_travel\utils
2019-06-30 10:22:56,741 [Worker-36] INFO  o.e.m.i.launch.MavenLaunchDelegate -  mvn -B -s D:\IDEA\apache-maven-3.5.2\conf\settings.xml tomcat7:run
2019-06-30 10:23:18,414 [main] INFO  o.e.m2e.actions.ExecutePomAction - Creating new launch configuration
2019-06-30 10:23:30,275 [Worker-36] INFO  o.e.m.i.launch.MavenLaunchDelegate - C:\Users\Administrator\Desktop\ssm\heaven_travel\parent
2019-06-30 10:23:30,275 [Worker-36] INFO  o.e.m.i.launch.MavenLaunchDelegate -  mvn -B -s D:\IDEA\apache-maven-3.5.2\conf\settings.xml tomcat7:run
2019-06-30 10:23:45,490 [main] INFO  o.e.m2e.actions.ExecutePomAction - Creating new launch configuration
2019-06-30 10:23:55,541 [Worker-41] INFO  o.e.m.i.launch.MavenLaunchDelegate - C:\Users\Administrator\Desktop\ssm\heaven_travel\domain
2019-06-30 10:23:55,542 [Worker-41] INFO  o.e.m.i.launch.MavenLaunchDelegate -  mvn -B -s D:\IDEA\apache-maven-3.5.2\conf\settings.xml tomcat7:run
2019-06-30 10:24:37,302 [main] INFO  o.e.m2e.actions.ExecutePomAction - Creating new launch configuration
2019-06-30 10:24:52,738 [Worker-38] INFO  o.e.m.i.launch.MavenLaunchDelegate - C:\Users\Administrator\Desktop\ssm\heaven_travel\utils
2019-06-30 10:24:52,739 [Worker-38] INFO  o.e.m.i.launch.MavenLaunchDelegate -  mvn -B -s D:\IDEA\apache-maven-3.5.2\conf\settings.xml tomcat7:run
2019-06-30 10:25:17,771 [Worker-40] INFO  o.e.m.i.launch.MavenLaunchDelegate - C:\Users\Administrator\Desktop\ssm\heaven_travel\utils
2019-06-30 10:25:17,771 [Worker-40] INFO  o.e.m.i.launch.MavenLaunchDelegate -  mvn -B -s D:\IDEA\apache-maven-3.5.2\conf\settings.xml install
2019-06-30 10:25:22,711 [Worker-41] WARN  o.e.m.c.i.embedder.EclipseLogger - Using platform encoding (GBK actually) to copy filtered resources, i.e. build is platform dependent!
2019-06-30 10:25:22,712 [Worker-41] INFO  o.e.m.c.i.embedder.EclipseLogger - skip non existing resourceDirectory C:\Users\Administrator\Desktop\ssm\heaven_travel\utils\src\main\resources
2019-06-30 10:25:22,714 [Worker-41] WARN  o.e.m.c.i.embedder.EclipseLogger - Using platform encoding (GBK actually) to copy filtered resources, i.e. build is platform dependent!
2019-06-30 10:25:22,715 [Worker-41] INFO  o.e.m.c.i.embedder.EclipseLogger - skip non existing resourceDirectory C:\Users\Administrator\Desktop\ssm\heaven_travel\utils\src\test\resources
2019-06-30 10:25:30,436 [Worker-37] INFO  o.e.m.i.launch.MavenLaunchDelegate - C:\Users\Administrator\Desktop\ssm\heaven_travel\domain
2019-06-30 10:25:30,437 [Worker-37] INFO  o.e.m.i.launch.MavenLaunchDelegate -  mvn -B -s D:\IDEA\apache-maven-3.5.2\conf\settings.xml install
2019-06-30 10:25:40,615 [main] INFO  o.e.m2e.actions.ExecutePomAction - Using existing launch configuration
2019-06-30 10:25:40,692 [Worker-38] INFO  o.e.m.i.launch.MavenLaunchDelegate - C:\Users\Administrator\Desktop\ssm\heaven_travel\domain
2019-06-30 10:25:40,693 [Worker-38] INFO  o.e.m.i.launch.MavenLaunchDelegate -  mvn -B -s D:\IDEA\apache-maven-3.5.2\conf\settings.xml tomcat7:run
2019-06-30 10:32:43,103 [Worker-39] INFO  o.e.m.i.launch.MavenLaunchDelegate - C:\Users\Administrator\Desktop\ssm\heaven_travel\domain
2019-06-30 10:32:43,103 [Worker-39] INFO  o.e.m.i.launch.MavenLaunchDelegate -  mvn -B -s D:\IDEA\apache-maven-3.5.2\conf\settings.xml clean
2019-06-30 10:33:45,266 [Worker-39] INFO  o.e.m.c.i.l.LifecycleMappingFactory - Using org.eclipse.m2e.jdt.JarLifecycleMapping lifecycle mapping for MavenProject: com.itheima:domain:1.0-SNAPSHOT @ C:\Users\Administrator\Desktop\ssm\heaven_travel\domain\pom.xml.
2019-06-30 10:33:45,500 [Worker-39] WARN  o.e.m.c.i.embedder.EclipseLogger - Using platform encoding (GBK actually) to copy filtered resources, i.e. build is platform dependent!
2019-06-30 10:33:45,500 [Worker-39] INFO  o.e.m.c.i.embedder.EclipseLogger - skip non existing resourceDirectory C:\Users\Administrator\Desktop\ssm\heaven_travel\domain\src\main\resources
2019-06-30 10:33:45,500 [Worker-39] WARN  o.e.m.c.i.embedder.EclipseLogger - Using platform encoding (GBK actually) to copy filtered resources, i.e. build is platform dependent!
2019-06-30 10:33:45,500 [Worker-39] INFO  o.e.m.c.i.embedder.EclipseLogger - skip non existing resourceDirectory C:\Users\Administrator\Desktop\ssm\heaven_travel\domain\src\test\resources
2019-06-30 10:33:59,431 [main] INFO  o.e.m2e.actions.ExecutePomAction - Using existing launch configuration
2019-06-30 10:33:59,493 [Worker-42] INFO  o.e.m.i.launch.MavenLaunchDelegate - C:\Users\Administrator\Desktop\ssm\heaven_travel\domain
2019-06-30 10:33:59,493 [Worker-42] INFO  o.e.m.i.launch.MavenLaunchDelegate -  mvn -B -s D:\IDEA\apache-maven-3.5.2\conf\settings.xml tomcat7:run
2019-06-30 10:35:06,733 [Worker-43] INFO  o.e.m.i.launch.MavenLaunchDelegate - C:\Users\Administrator\Desktop\ssm\heaven_travel\domain
2019-06-30 10:35:06,733 [Worker-43] INFO  o.e.m.i.launch.MavenLaunchDelegate -  mvn -B -s D:\IDEA\apache-maven-3.5.2\conf\settings.xml install
2019-06-30 10:35:16,122 [Worker-39] INFO  o.e.m.i.launch.MavenLaunchDelegate - C:\Users\Administrator\Desktop\ssm\heaven_travel\domain
2019-06-30 10:35:16,122 [Worker-39] INFO  o.e.m.i.launch.MavenLaunchDelegate -  mvn -B -s D:\IDEA\apache-maven-3.5.2\conf\settings.xml clean
2019-06-30 10:35:19,391 [Worker-42] WARN  o.e.m.c.i.embedder.EclipseLogger - Using platform encoding (GBK actually) to copy filtered resources, i.e. build is platform dependent!
2019-06-30 10:35:19,391 [Worker-42] INFO  o.e.m.c.i.embedder.EclipseLogger - skip non existing resourceDirectory C:\Users\Administrator\Desktop\ssm\heaven_travel\domain\src\main\resources
2019-06-30 10:35:19,391 [Worker-42] WARN  o.e.m.c.i.embedder.EclipseLogger - Using platform encoding (GBK actually) to copy filtered resources, i.e. build is platform dependent!
2019-06-30 10:35:19,391 [Worker-42] INFO  o.e.m.c.i.embedder.EclipseLogger - skip non existing resourceDirectory C:\Users\Administrator\Desktop\ssm\heaven_travel\domain\src\test\resources
2019-06-30 10:35:25,834 [main] INFO  o.e.m2e.actions.ExecutePomAction - Using existing launch configuration
2019-06-30 10:35:25,881 [Worker-43] INFO  o.e.m.i.launch.MavenLaunchDelegate - C:\Users\Administrator\Desktop\ssm\heaven_travel\domain
2019-06-30 10:35:25,881 [Worker-43] INFO  o.e.m.i.launch.MavenLaunchDelegate -  mvn -B -s D:\IDEA\apache-maven-3.5.2\conf\settings.xml tomcat7:run
2019-06-30 10:36:30,799 [Worker-43] INFO  o.e.m.i.launch.MavenLaunchDelegate - C:\Users\Administrator\Desktop\ssm\heaven_travel\parent
2019-06-30 10:36:30,799 [Worker-43] INFO  o.e.m.i.launch.MavenLaunchDelegate -  mvn -B -s D:\IDEA\apache-maven-3.5.2\conf\settings.xml clean
2019-06-30 10:36:39,962 [Worker-46] INFO  o.e.m.i.launch.MavenLaunchDelegate - C:\Users\Administrator\Desktop\ssm\heaven_travel\parent
2019-06-30 10:36:39,962 [Worker-46] INFO  o.e.m.i.launch.MavenLaunchDelegate -  mvn -B -s D:\IDEA\apache-maven-3.5.2\conf\settings.xml install
2019-06-30 10:37:24,818 [Worker-46] INFO  o.e.m.i.launch.MavenLaunchDelegate - C:\Users\Administrator\Desktop\ssm\heaven_travel\web
2019-06-30 10:37:24,818 [Worker-46] INFO  o.e.m.i.launch.MavenLaunchDelegate -  mvn -B -s D:\IDEA\apache-maven-3.5.2\conf\settings.xml clean
2019-06-30 10:37:28,815 [Worker-46] INFO  o.e.m.c.i.embedder.EclipseLogger - Using 'UTF-8' encoding to copy filtered resources.
2019-06-30 10:37:28,815 [Worker-46] INFO  o.e.m.c.i.embedder.EclipseLogger - Copying 5 resources
2019-06-30 10:37:28,830 [Worker-46] INFO  o.e.m.c.i.embedder.EclipseLogger - Using 'UTF-8' encoding to copy filtered resources.
2019-06-30 10:37:28,830 [Worker-46] INFO  o.e.m.c.i.embedder.EclipseLogger - skip non existing resourceDirectory C:\Users\Administrator\Desktop\ssm\heaven_travel\web\src\test\resources
2019-06-30 10:37:28,830 [Worker-46] INFO  o.e.m.w.i.f.ResourceFilteringBuildParticipant - Changed resources require a complete clean of filtered resources of web
2019-06-30 10:37:28,830 [Worker-46] INFO  o.e.m.w.i.f.ResourceFilteringBuildParticipant - Executing resource filtering for web
2019-06-30 10:37:28,846 [Worker-46] INFO  o.e.m.c.i.embedder.EclipseLogger - Using 'UTF-8' encoding to copy filtered resources.
2019-06-30 10:37:46,833 [main] INFO  o.e.m2e.actions.ExecutePomAction - Using existing launch configuration
2019-06-30 10:37:47,020 [Worker-46] INFO  o.e.m.i.launch.MavenLaunchDelegate - C:\Users\Administrator\Desktop\ssm\heaven_travel\web
2019-06-30 10:37:47,020 [Worker-46] INFO  o.e.m.i.launch.MavenLaunchDelegate -  mvn -B -s D:\IDEA\apache-maven-3.5.2\conf\settings.xml tomcat7:run
2019-06-30 10:40:10,582 [Worker-35] INFO  o.e.m.c.i.l.LifecycleMappingFactory - Using NULL lifecycle mapping for MavenProject: com.itheima:parent:1.0-SNAPSHOT @ C:\Users\Administrator\Desktop\ssm\heaven_travel\parent\pom.xml.
2019-06-30 10:40:11,070 [Worker-35] INFO  o.e.m.c.i.l.LifecycleMappingFactory - Using org.eclipse.m2e.jdt.JarLifecycleMapping lifecycle mapping for MavenProject: com.itheima:utils:1.0-SNAPSHOT @ C:\Users\Administrator\Desktop\ssm\heaven_travel\utils\pom.xml.
2019-06-30 10:40:11,110 [Worker-35] INFO  o.e.m.c.i.l.LifecycleMappingFactory - Using org.maven.ide.eclipse.wtp.WarLifecycleMapping lifecycle mapping for MavenProject: com.itheima:web:1.0-SNAPSHOT @ C:\Users\Administrator\Desktop\ssm\heaven_travel\web\pom.xml.
2019-06-30 10:40:11,153 [Worker-35] INFO  o.e.m.c.i.l.LifecycleMappingFactory - Using org.eclipse.m2e.jdt.JarLifecycleMapping lifecycle mapping for MavenProject: com.itheima:service:1.0-SNAPSHOT @ C:\Users\Administrator\Desktop\ssm\heaven_travel\service\pom.xml.
2019-06-30 10:40:11,192 [Worker-35] INFO  o.e.m.c.i.l.LifecycleMappingFactory - Using org.eclipse.m2e.jdt.JarLifecycleMapping lifecycle mapping for MavenProject: com.itheima:dao:1.0-SNAPSHOT @ C:\Users\Administrator\Desktop\ssm\heaven_travel\dao\pom.xml.
2019-06-30 10:40:11,232 [Worker-35] INFO  o.e.m.c.i.l.LifecycleMappingFactory - Using org.eclipse.m2e.jdt.JarLifecycleMapping lifecycle mapping for MavenProject: com.itheima:domain:1.0-SNAPSHOT @ C:\Users\Administrator\Desktop\ssm\heaven_travel\domain\pom.xml.
2019-06-30 10:40:13,377 [Worker-46] WARN  o.e.m.c.i.embedder.EclipseLogger - Using platform encoding (GBK actually) to copy filtered resources, i.e. build is platform dependent!
2019-06-30 10:40:13,378 [Worker-46] INFO  o.e.m.c.i.embedder.EclipseLogger - skip non existing resourceDirectory C:\Users\Administrator\Desktop\ssm\heaven_travel\utils\src\main\resources
2019-06-30 10:40:13,381 [Worker-46] WARN  o.e.m.c.i.embedder.EclipseLogger - Using platform encoding (GBK actually) to copy filtered resources, i.e. build is platform dependent!
2019-06-30 10:40:13,381 [Worker-46] INFO  o.e.m.c.i.embedder.EclipseLogger - skip non existing resourceDirectory C:\Users\Administrator\Desktop\ssm\heaven_travel\utils\src\test\resources
2019-06-30 10:40:13,503 [Worker-48] WARN  o.e.m.c.i.embedder.EclipseLogger - Using platform encoding (GBK actually) to copy filtered resources, i.e. build is platform dependent!
2019-06-30 10:40:13,504 [Worker-48] INFO  o.e.m.c.i.embedder.EclipseLogger - skip non existing resourceDirectory C:\Users\Administrator\Desktop\ssm\heaven_travel\utils\src\main\resources
2019-06-30 10:40:13,507 [Worker-48] WARN  o.e.m.c.i.embedder.EclipseLogger - Using platform encoding (GBK actually) to copy filtered resources, i.e. build is platform dependent!
2019-06-30 10:40:13,508 [Worker-48] INFO  o.e.m.c.i.embedder.EclipseLogger - skip non existing resourceDirectory C:\Users\Administrator\Desktop\ssm\heaven_travel\utils\src\test\resources
2019-06-30 10:40:13,651 [Worker-48] WARN  o.e.m.c.i.embedder.EclipseLogger - Using platform encoding (GBK actually) to copy filtered resources, i.e. build is platform dependent!
2019-06-30 10:40:13,652 [Worker-48] INFO  o.e.m.c.i.embedder.EclipseLogger - skip non existing resourceDirectory C:\Users\Administrator\Desktop\ssm\heaven_travel\domain\src\main\resources
2019-06-30 10:40:13,653 [Worker-48] WARN  o.e.m.c.i.embedder.EclipseLogger - Using platform encoding (GBK actually) to copy filtered resources, i.e. build is platform dependent!
2019-06-30 10:40:13,654 [Worker-48] INFO  o.e.m.c.i.embedder.EclipseLogger - skip non existing resourceDirectory C:\Users\Administrator\Desktop\ssm\heaven_travel\domain\src\test\resources
2019-06-30 10:40:13,784 [Worker-48] WARN  o.e.m.c.i.embedder.EclipseLogger - Using platform encoding (GBK actually) to copy filtered resources, i.e. build is platform dependent!
2019-06-30 10:40:13,785 [Worker-48] INFO  o.e.m.c.i.embedder.EclipseLogger - skip non existing resourceDirectory C:\Users\Administrator\Desktop\ssm\heaven_travel\dao\src\main\resources
2019-06-30 10:40:13,786 [Worker-48] WARN  o.e.m.c.i.embedder.EclipseLogger - Using platform encoding (GBK actually) to copy filtered resources, i.e. build is platform dependent!
2019-06-30 10:40:13,789 [Worker-48] INFO  o.e.m.c.i.embedder.EclipseLogger - skip non existing resourceDirectory C:\Users\Administrator\Desktop\ssm\heaven_travel\dao\src\test\resources
2019-06-30 10:40:13,918 [Worker-48] WARN  o.e.m.c.i.embedder.EclipseLogger - Using platform encoding (GBK actually) to copy filtered resources, i.e. build is platform dependent!
2019-06-30 10:40:13,919 [Worker-48] INFO  o.e.m.c.i.embedder.EclipseLogger - skip non existing resourceDirectory C:\Users\Administrator\Desktop\ssm\heaven_travel\service\src\main\resources
2019-06-30 10:40:13,921 [Worker-48] WARN  o.e.m.c.i.embedder.EclipseLogger - Using platform encoding (GBK actually) to copy filtered resources, i.e. build is platform dependent!
2019-06-30 10:40:13,922 [Worker-48] INFO  o.e.m.c.i.embedder.EclipseLogger - skip non existing resourceDirectory C:\Users\Administrator\Desktop\ssm\heaven_travel\service\src\test\resources
2019-06-30 10:40:14,059 [Worker-48] INFO  o.e.m.c.i.embedder.EclipseLogger - Using 'UTF-8' encoding to copy filtered resources.
2019-06-30 10:40:14,062 [Worker-48] INFO  o.e.m.c.i.embedder.EclipseLogger - Copying 0 resource
2019-06-30 10:40:14,063 [Worker-48] INFO  o.e.m.c.i.embedder.EclipseLogger - Using 'UTF-8' encoding to copy filtered resources.
2019-06-30 10:40:14,063 [Worker-48] INFO  o.e.m.c.i.embedder.EclipseLogger - skip non existing resourceDirectory C:\Users\Administrator\Desktop\ssm\heaven_travel\web\src\test\resources
2019-06-30 10:40:20,830 [Worker-47] INFO  o.e.m.c.i.l.LifecycleMappingFactory - Using org.maven.ide.eclipse.wtp.WarLifecycleMapping lifecycle mapping for MavenProject: com.itheima:web:1.0-SNAPSHOT @ C:\Users\Administrator\Desktop\ssm\heaven_travel\web\pom.xml.
2019-06-30 10:40:21,649 [Worker-47] INFO  o.e.m.c.i.embedder.EclipseLogger - Using 'UTF-8' encoding to copy filtered resources.
2019-06-30 10:40:21,649 [Worker-47] INFO  o.e.m.c.i.embedder.EclipseLogger - Copying 0 resource
2019-06-30 10:40:21,650 [Worker-47] INFO  o.e.m.c.i.embedder.EclipseLogger - Using 'UTF-8' encoding to copy filtered resources.
2019-06-30 10:40:21,651 [Worker-47] INFO  o.e.m.c.i.embedder.EclipseLogger - skip non existing resourceDirectory C:\Users\Administrator\Desktop\ssm\heaven_travel\web\src\test\resources
2019-06-30 10:40:21,651 [Worker-47] INFO  o.e.m.w.i.f.ResourceFilteringBuildParticipant - Changed resources require a complete clean of filtered resources of web
2019-06-30 10:40:21,651 [Worker-47] INFO  o.e.m.w.i.f.ResourceFilteringBuildParticipant - Executing resource filtering for web
2019-06-30 10:40:21,656 [Worker-47] INFO  o.e.m.c.i.embedder.EclipseLogger - Using 'UTF-8' encoding to copy filtered resources.
2019-06-30 10:40:36,238 [Worker-45] INFO  o.e.m.i.launch.MavenLaunchDelegate - C:\Users\Administrator\Desktop\ssm\heaven_travel\parent
2019-06-30 10:40:36,238 [Worker-45] INFO  o.e.m.i.launch.MavenLaunchDelegate -  mvn -B -s D:\IDEA\apache-maven-3.5.2\conf\settings.xml clean
2019-06-30 10:41:29,014 [Worker-48] WARN  o.e.m.c.i.embedder.EclipseLogger - Using platform encoding (GBK actually) to copy filtered resources, i.e. build is platform dependent!
2019-06-30 10:41:29,015 [Worker-48] INFO  o.e.m.c.i.embedder.EclipseLogger - skip non existing resourceDirectory C:\Users\Administrator\Desktop\ssm\heaven_travel\utils\src\main\resources
2019-06-30 10:41:29,016 [Worker-48] WARN  o.e.m.c.i.embedder.EclipseLogger - Using platform encoding (GBK actually) to copy filtered resources, i.e. build is platform dependent!
2019-06-30 10:41:29,018 [Worker-48] INFO  o.e.m.c.i.embedder.EclipseLogger - skip non existing resourceDirectory C:\Users\Administrator\Desktop\ssm\heaven_travel\utils\src\test\resources
2019-06-30 10:41:39,882 [Worker-49] INFO  o.e.m.i.launch.MavenLaunchDelegate - C:\Users\Administrator\Desktop\ssm\heaven_travel\web
2019-06-30 10:41:39,883 [Worker-49] INFO  o.e.m.i.launch.MavenLaunchDelegate -  mvn -B -s D:\IDEA\apache-maven-3.5.2\conf\settings.xml clean
2019-06-30 10:41:42,929 [Worker-47] INFO  o.e.m.c.i.embedder.EclipseLogger - Using 'UTF-8' encoding to copy filtered resources.
2019-06-30 10:41:42,930 [Worker-47] INFO  o.e.m.c.i.embedder.EclipseLogger - Copying 5 resources
2019-06-30 10:41:42,969 [Worker-47] INFO  o.e.m.c.i.embedder.EclipseLogger - Using 'UTF-8' encoding to copy filtered resources.
2019-06-30 10:41:42,969 [Worker-47] INFO  o.e.m.c.i.embedder.EclipseLogger - skip non existing resourceDirectory C:\Users\Administrator\Desktop\ssm\heaven_travel\web\src\test\resources
2019-06-30 10:41:42,969 [Worker-47] INFO  o.e.m.w.i.f.ResourceFilteringBuildParticipant - Changed resources require a complete clean of filtered resources of web
2019-06-30 10:41:42,970 [Worker-47] INFO  o.e.m.w.i.f.ResourceFilteringBuildParticipant - Executing resource filtering for web
2019-06-30 10:41:42,977 [Worker-47] INFO  o.e.m.c.i.embedder.EclipseLogger - Using 'UTF-8' encoding to copy filtered resources.
2019-06-30 10:42:01,387 [Worker-46] INFO  o.e.m.i.launch.MavenLaunchDelegate - C:\Users\Administrator\Desktop\ssm\heaven_travel\parent
2019-06-30 10:42:01,387 [Worker-46] INFO  o.e.m.i.launch.MavenLaunchDelegate -  mvn -B -s D:\IDEA\apache-maven-3.5.2\conf\settings.xml install
2019-06-30 10:42:32,327 [main] INFO  o.e.m2e.actions.ExecutePomAction - Using existing launch configuration
2019-06-30 10:42:32,398 [Worker-48] INFO  o.e.m.i.launch.MavenLaunchDelegate - C:\Users\Administrator\Desktop\ssm\heaven_travel\web
2019-06-30 10:42:32,398 [Worker-48] INFO  o.e.m.i.launch.MavenLaunchDelegate -  mvn -B -s D:\IDEA\apache-maven-3.5.2\conf\settings.xml tomcat7:run
2019-06-30 10:44:26,761 [Worker-49] INFO  o.e.m.c.i.l.LifecycleMappingFactory - Using NULL lifecycle mapping for MavenProject: com.itheima:parent:1.0-SNAPSHOT @ C:\Users\Administrator\Desktop\ssm\heaven_travel\parent\pom.xml.
2019-06-30 10:44:27,202 [Worker-49] INFO  o.e.m.c.i.l.LifecycleMappingFactory - Using org.eclipse.m2e.jdt.JarLifecycleMapping lifecycle mapping for MavenProject: com.itheima:utils:1.0-SNAPSHOT @ C:\Users\Administrator\Desktop\ssm\heaven_travel\utils\pom.xml.
2019-06-30 10:44:27,240 [Worker-49] INFO  o.e.m.c.i.l.LifecycleMappingFactory - Using org.eclipse.m2e.jdt.JarLifecycleMapping lifecycle mapping for MavenProject: com.itheima:service:1.0-SNAPSHOT @ C:\Users\Administrator\Desktop\ssm\heaven_travel\service\pom.xml.
2019-06-30 10:44:27,284 [Worker-49] INFO  o.e.m.c.i.l.LifecycleMappingFactory - Using org.eclipse.m2e.jdt.JarLifecycleMapping lifecycle mapping for MavenProject: com.itheima:domain:1.0-SNAPSHOT @ C:\Users\Administrator\Desktop\ssm\heaven_travel\domain\pom.xml.
2019-06-30 10:44:27,319 [Worker-49] INFO  o.e.m.c.i.l.LifecycleMappingFactory - Using org.eclipse.m2e.jdt.JarLifecycleMapping lifecycle mapping for MavenProject: com.itheima:dao:1.0-SNAPSHOT @ C:\Users\Administrator\Desktop\ssm\heaven_travel\dao\pom.xml.
2019-06-30 10:44:27,357 [Worker-49] INFO  o.e.m.c.i.l.LifecycleMappingFactory - Using org.maven.ide.eclipse.wtp.WarLifecycleMapping lifecycle mapping for MavenProject: com.itheima:web:1.0-SNAPSHOT @ C:\Users\Administrator\Desktop\ssm\heaven_travel\web\pom.xml.
2019-06-30 10:44:29,294 [Worker-46] WARN  o.e.m.c.i.embedder.EclipseLogger - Using platform encoding (GBK actually) to copy filtered resources, i.e. build is platform dependent!
2019-06-30 10:44:29,296 [Worker-46] INFO  o.e.m.c.i.embedder.EclipseLogger - skip non existing resourceDirectory C:\Users\Administrator\Desktop\ssm\heaven_travel\utils\src\main\resources
2019-06-30 10:44:29,298 [Worker-46] WARN  o.e.m.c.i.embedder.EclipseLogger - Using platform encoding (GBK actually) to copy filtered resources, i.e. build is platform dependent!
2019-06-30 10:44:29,299 [Worker-46] INFO  o.e.m.c.i.embedder.EclipseLogger - skip non existing resourceDirectory C:\Users\Administrator\Desktop\ssm\heaven_travel\utils\src\test\resources
2019-06-30 10:44:29,425 [Worker-46] WARN  o.e.m.c.i.embedder.EclipseLogger - Using platform encoding (GBK actually) to copy filtered resources, i.e. build is platform dependent!
2019-06-30 10:44:29,426 [Worker-46] INFO  o.e.m.c.i.embedder.EclipseLogger - skip non existing resourceDirectory C:\Users\Administrator\Desktop\ssm\heaven_travel\domain\src\main\resources
2019-06-30 10:44:29,428 [Worker-46] WARN  o.e.m.c.i.embedder.EclipseLogger - Using platform encoding (GBK actually) to copy filtered resources, i.e. build is platform dependent!
2019-06-30 10:44:29,429 [Worker-46] INFO  o.e.m.c.i.embedder.EclipseLogger - skip non existing resourceDirectory C:\Users\Administrator\Desktop\ssm\heaven_travel\domain\src\test\resources
2019-06-30 10:44:29,563 [Worker-46] WARN  o.e.m.c.i.embedder.EclipseLogger - Using platform encoding (GBK actually) to copy filtered resources, i.e. build is platform dependent!
2019-06-30 10:44:29,565 [Worker-46] INFO  o.e.m.c.i.embedder.EclipseLogger - skip non existing resourceDirectory C:\Users\Administrator\Desktop\ssm\heaven_travel\dao\src\main\resources
2019-06-30 10:44:29,567 [Worker-46] WARN  o.e.m.c.i.embedder.EclipseLogger - Using platform encoding (GBK actually) to copy filtered resources, i.e. build is platform dependent!
2019-06-30 10:44:29,569 [Worker-46] INFO  o.e.m.c.i.embedder.EclipseLogger - skip non existing resourceDirectory C:\Users\Administrator\Desktop\ssm\heaven_travel\dao\src\test\resources
2019-06-30 10:44:29,702 [Worker-46] WARN  o.e.m.c.i.embedder.EclipseLogger - Using platform encoding (GBK actually) to copy filtered resources, i.e. build is platform dependent!
2019-06-30 10:44:29,703 [Worker-46] INFO  o.e.m.c.i.embedder.EclipseLogger - skip non existing resourceDirectory C:\Users\Administrator\Desktop\ssm\heaven_travel\service\src\main\resources
2019-06-30 10:44:29,705 [Worker-46] WARN  o.e.m.c.i.embedder.EclipseLogger - Using platform encoding (GBK actually) to copy filtered resources, i.e. build is platform dependent!
2019-06-30 10:44:29,706 [Worker-46] INFO  o.e.m.c.i.embedder.EclipseLogger - skip non existing resourceDirectory C:\Users\Administrator\Desktop\ssm\heaven_travel\service\src\test\resources
2019-06-30 10:44:29,840 [Worker-46] INFO  o.e.m.c.i.embedder.EclipseLogger - Using 'UTF-8' encoding to copy filtered resources.
2019-06-30 10:44:29,842 [Worker-46] INFO  o.e.m.c.i.embedder.EclipseLogger - Copying 0 resource
2019-06-30 10:44:29,844 [Worker-46] INFO  o.e.m.c.i.embedder.EclipseLogger - Using 'UTF-8' encoding to copy filtered resources.
2019-06-30 10:44:29,844 [Worker-46] INFO  o.e.m.c.i.embedder.EclipseLogger - skip non existing resourceDirectory C:\Users\Administrator\Desktop\ssm\heaven_travel\web\src\test\resources
2019-06-30 10:44:46,225 [Worker-48] INFO  o.e.m.i.launch.MavenLaunchDelegate - C:\Users\Administrator\Desktop\ssm\heaven_travel\parent
2019-06-30 10:44:46,226 [Worker-48] INFO  o.e.m.i.launch.MavenLaunchDelegate -  mvn -B -s D:\IDEA\apache-maven-3.5.2\conf\settings.xml clean
2019-06-30 10:45:05,026 [Worker-49] INFO  o.e.m.i.launch.MavenLaunchDelegate - C:\Users\Administrator\Desktop\ssm\heaven_travel\utils
2019-06-30 10:45:05,026 [Worker-49] INFO  o.e.m.i.launch.MavenLaunchDelegate -  mvn -B -s D:\IDEA\apache-maven-3.5.2\conf\settings.xml clean
2019-06-30 10:45:07,847 [Worker-35] WARN  o.e.m.c.i.embedder.EclipseLogger - Using platform encoding (GBK actually) to copy filtered resources, i.e. build is platform dependent!
2019-06-30 10:45:07,848 [Worker-35] INFO  o.e.m.c.i.embedder.EclipseLogger - skip non existing resourceDirectory C:\Users\Administrator\Desktop\ssm\heaven_travel\utils\src\main\resources
2019-06-30 10:45:07,849 [Worker-35] WARN  o.e.m.c.i.embedder.EclipseLogger - Using platform encoding (GBK actually) to copy filtered resources, i.e. build is platform dependent!
2019-06-30 10:45:07,850 [Worker-35] INFO  o.e.m.c.i.embedder.EclipseLogger - skip non existing resourceDirectory C:\Users\Administrator\Desktop\ssm\heaven_travel\utils\src\test\resources
2019-06-30 10:45:35,405 [Worker-42] INFO  o.e.m.i.launch.MavenLaunchDelegate - C:\Users\Administrator\Desktop\ssm\heaven_travel\parent
2019-06-30 10:45:35,405 [Worker-42] INFO  o.e.m.i.launch.MavenLaunchDelegate -  mvn -B -s D:\IDEA\apache-maven-3.5.2\conf\settings.xml install
2019-06-30 10:46:18,256 [Worker-50] INFO  o.e.m.c.i.l.LifecycleMappingFactory - Using NULL lifecycle mapping for MavenProject: com.itheima:parent:1.0-SNAPSHOT @ C:\Users\Administrator\Desktop\ssm\heaven_travel\parent\pom.xml.
2019-06-30 10:46:18,659 [Worker-50] INFO  o.e.m.c.i.l.LifecycleMappingFactory - Using org.eclipse.m2e.jdt.JarLifecycleMapping lifecycle mapping for MavenProject: com.itheima:utils:1.0-SNAPSHOT @ C:\Users\Administrator\Desktop\ssm\heaven_travel\utils\pom.xml.
2019-06-30 10:46:18,695 [Worker-50] INFO  o.e.m.c.i.l.LifecycleMappingFactory - Using org.maven.ide.eclipse.wtp.WarLifecycleMapping lifecycle mapping for MavenProject: com.itheima:web:1.0-SNAPSHOT @ C:\Users\Administrator\Desktop\ssm\heaven_travel\web\pom.xml.
2019-06-30 10:46:18,741 [Worker-50] INFO  o.e.m.c.i.l.LifecycleMappingFactory - Using org.eclipse.m2e.jdt.JarLifecycleMapping lifecycle mapping for MavenProject: com.itheima:service:1.0-SNAPSHOT @ C:\Users\Administrator\Desktop\ssm\heaven_travel\service\pom.xml.
2019-06-30 10:46:18,776 [Worker-50] INFO  o.e.m.c.i.l.LifecycleMappingFactory - Using org.eclipse.m2e.jdt.JarLifecycleMapping lifecycle mapping for MavenProject: com.itheima:domain:1.0-SNAPSHOT @ C:\Users\Administrator\Desktop\ssm\heaven_travel\domain\pom.xml.
2019-06-30 10:46:18,811 [Worker-50] INFO  o.e.m.c.i.l.LifecycleMappingFactory - Using org.eclipse.m2e.jdt.JarLifecycleMapping lifecycle mapping for MavenProject: com.itheima:dao:1.0-SNAPSHOT @ C:\Users\Administrator\Desktop\ssm\heaven_travel\dao\pom.xml.
2019-06-30 10:46:20,757 [Worker-49] WARN  o.e.m.c.i.embedder.EclipseLogger - Using platform encoding (GBK actually) to copy filtered resources, i.e. build is platform dependent!
2019-06-30 10:46:20,758 [Worker-49] INFO  o.e.m.c.i.embedder.EclipseLogger - skip non existing resourceDirectory C:\Users\Administrator\Desktop\ssm\heaven_travel\utils\src\main\resources
2019-06-30 10:46:20,760 [Worker-49] WARN  o.e.m.c.i.embedder.EclipseLogger - Using platform encoding (GBK actually) to copy filtered resources, i.e. build is platform dependent!
2019-06-30 10:46:20,761 [Worker-49] INFO  o.e.m.c.i.embedder.EclipseLogger - skip non existing resourceDirectory C:\Users\Administrator\Desktop\ssm\heaven_travel\utils\src\test\resources
2019-06-30 10:46:20,873 [Worker-49] WARN  o.e.m.c.i.embedder.EclipseLogger - Using platform encoding (GBK actually) to copy filtered resources, i.e. build is platform dependent!
2019-06-30 10:46:20,874 [Worker-49] INFO  o.e.m.c.i.embedder.EclipseLogger - skip non existing resourceDirectory C:\Users\Administrator\Desktop\ssm\heaven_travel\domain\src\main\resources
2019-06-30 10:46:20,875 [Worker-49] WARN  o.e.m.c.i.embedder.EclipseLogger - Using platform encoding (GBK actually) to copy filtered resources, i.e. build is platform dependent!
2019-06-30 10:46:20,876 [Worker-49] INFO  o.e.m.c.i.embedder.EclipseLogger - skip non existing resourceDirectory C:\Users\Administrator\Desktop\ssm\heaven_travel\domain\src\test\resources
2019-06-30 10:46:21,101 [Worker-49] WARN  o.e.m.c.i.embedder.EclipseLogger - Using platform encoding (GBK actually) to copy filtered resources, i.e. build is platform dependent!
2019-06-30 10:46:21,101 [Worker-49] INFO  o.e.m.c.i.embedder.EclipseLogger - skip non existing resourceDirectory C:\Users\Administrator\Desktop\ssm\heaven_travel\dao\src\main\resources
2019-06-30 10:46:21,103 [Worker-49] WARN  o.e.m.c.i.embedder.EclipseLogger - Using platform encoding (GBK actually) to copy filtered resources, i.e. build is platform dependent!
2019-06-30 10:46:21,104 [Worker-49] INFO  o.e.m.c.i.embedder.EclipseLogger - skip non existing resourceDirectory C:\Users\Administrator\Desktop\ssm\heaven_travel\dao\src\test\resources
2019-06-30 10:46:21,227 [Worker-49] WARN  o.e.m.c.i.embedder.EclipseLogger - Using platform encoding (GBK actually) to copy filtered resources, i.e. build is platform dependent!
2019-06-30 10:46:21,228 [Worker-49] INFO  o.e.m.c.i.embedder.EclipseLogger - skip non existing resourceDirectory C:\Users\Administrator\Desktop\ssm\heaven_travel\service\src\main\resources
2019-06-30 10:46:21,230 [Worker-49] WARN  o.e.m.c.i.embedder.EclipseLogger - Using platform encoding (GBK actually) to copy filtered resources, i.e. build is platform dependent!
2019-06-30 10:46:21,230 [Worker-49] INFO  o.e.m.c.i.embedder.EclipseLogger - skip non existing resourceDirectory C:\Users\Administrator\Desktop\ssm\heaven_travel\service\src\test\resources
2019-06-30 10:46:21,341 [Worker-49] INFO  o.e.m.c.i.embedder.EclipseLogger - Using 'UTF-8' encoding to copy filtered resources.
2019-06-30 10:46:21,344 [Worker-49] INFO  o.e.m.c.i.embedder.EclipseLogger - Copying 0 resource
2019-06-30 10:46:21,346 [Worker-49] INFO  o.e.m.c.i.embedder.EclipseLogger - Using 'UTF-8' encoding to copy filtered resources.
2019-06-30 10:46:21,346 [Worker-49] INFO  o.e.m.c.i.embedder.EclipseLogger - skip non existing resourceDirectory C:\Users\Administrator\Desktop\ssm\heaven_travel\web\src\test\resources
2019-06-30 10:46:21,346 [Worker-49] INFO  o.e.m.w.i.f.ResourceFilteringBuildParticipant - Changed resources require a complete clean of filtered resources of web
2019-06-30 10:46:21,347 [Worker-49] INFO  o.e.m.w.i.f.ResourceFilteringBuildParticipant - Executing resource filtering for web
2019-06-30 10:46:21,352 [Worker-49] INFO  o.e.m.c.i.embedder.EclipseLogger - Using 'UTF-8' encoding to copy filtered resources.
2019-06-30 10:46:33,109 [Worker-50] INFO  o.e.m.c.i.l.LifecycleMappingFactory - Using NULL lifecycle mapping for MavenProject: com.itheima:parent:1.0-SNAPSHOT @ C:\Users\Administrator\Desktop\ssm\heaven_travel\parent\pom.xml.
2019-06-30 10:46:33,457 [Worker-50] INFO  o.e.m.c.i.l.LifecycleMappingFactory - Using org.eclipse.m2e.jdt.JarLifecycleMapping lifecycle mapping for MavenProject: com.itheima:utils:1.0-SNAPSHOT @ C:\Users\Administrator\Desktop\ssm\heaven_travel\utils\pom.xml.
2019-06-30 10:46:33,505 [Worker-50] INFO  o.e.m.c.i.l.LifecycleMappingFactory - Using org.maven.ide.eclipse.wtp.WarLifecycleMapping lifecycle mapping for MavenProject: com.itheima:web:1.0-SNAPSHOT @ C:\Users\Administrator\Desktop\ssm\heaven_travel\web\pom.xml.
2019-06-30 10:46:33,537 [Worker-50] INFO  o.e.m.c.i.l.LifecycleMappingFactory - Using org.eclipse.m2e.jdt.JarLifecycleMapping lifecycle mapping for MavenProject: com.itheima:service:1.0-SNAPSHOT @ C:\Users\Administrator\Desktop\ssm\heaven_travel\service\pom.xml.
2019-06-30 10:46:33,565 [Worker-50] INFO  o.e.m.c.i.l.LifecycleMappingFactory - Using org.eclipse.m2e.jdt.JarLifecycleMapping lifecycle mapping for MavenProject: com.itheima:domain:1.0-SNAPSHOT @ C:\Users\Administrator\Desktop\ssm\heaven_travel\domain\pom.xml.
2019-06-30 10:46:33,590 [Worker-50] INFO  o.e.m.c.i.l.LifecycleMappingFactory - Using org.eclipse.m2e.jdt.JarLifecycleMapping lifecycle mapping for MavenProject: com.itheima:dao:1.0-SNAPSHOT @ C:\Users\Administrator\Desktop\ssm\heaven_travel\dao\pom.xml.
2019-06-30 10:46:35,092 [Worker-46] WARN  o.e.m.c.i.embedder.EclipseLogger - Using platform encoding (GBK actually) to copy filtered resources, i.e. build is platform dependent!
2019-06-30 10:46:35,093 [Worker-46] INFO  o.e.m.c.i.embedder.EclipseLogger - skip non existing resourceDirectory C:\Users\Administrator\Desktop\ssm\heaven_travel\utils\src\main\resources
2019-06-30 10:46:35,095 [Worker-46] WARN  o.e.m.c.i.embedder.EclipseLogger - Using platform encoding (GBK actually) to copy filtered resources, i.e. build is platform dependent!
2019-06-30 10:46:35,096 [Worker-46] INFO  o.e.m.c.i.embedder.EclipseLogger - skip non existing resourceDirectory C:\Users\Administrator\Desktop\ssm\heaven_travel\utils\src\test\resources
2019-06-30 10:46:35,192 [Worker-46] WARN  o.e.m.c.i.embedder.EclipseLogger - Using platform encoding (GBK actually) to copy filtered resources, i.e. build is platform dependent!
2019-06-30 10:46:35,193 [Worker-46] INFO  o.e.m.c.i.embedder.EclipseLogger - skip non existing resourceDirectory C:\Users\Administrator\Desktop\ssm\heaven_travel\domain\src\main\resources
2019-06-30 10:46:35,194 [Worker-46] WARN  o.e.m.c.i.embedder.EclipseLogger - Using platform encoding (GBK actually) to copy filtered resources, i.e. build is platform dependent!
2019-06-30 10:46:35,195 [Worker-46] INFO  o.e.m.c.i.embedder.EclipseLogger - skip non existing resourceDirectory C:\Users\Administrator\Desktop\ssm\heaven_travel\domain\src\test\resources
2019-06-30 10:46:35,315 [Worker-46] WARN  o.e.m.c.i.embedder.EclipseLogger - Using platform encoding (GBK actually) to copy filtered resources, i.e. build is platform dependent!
2019-06-30 10:46:35,316 [Worker-46] INFO  o.e.m.c.i.embedder.EclipseLogger - skip non existing resourceDirectory C:\Users\Administrator\Desktop\ssm\heaven_travel\dao\src\main\resources
2019-06-30 10:46:35,317 [Worker-46] WARN  o.e.m.c.i.embedder.EclipseLogger - Using platform encoding (GBK actually) to copy filtered resources, i.e. build is platform dependent!
2019-06-30 10:46:35,318 [Worker-46] INFO  o.e.m.c.i.embedder.EclipseLogger - skip non existing resourceDirectory C:\Users\Administrator\Desktop\ssm\heaven_travel\dao\src\test\resources
2019-06-30 10:46:35,435 [Worker-46] WARN  o.e.m.c.i.embedder.EclipseLogger - Using platform encoding (GBK actually) to copy filtered resources, i.e. build is platform dependent!
2019-06-30 10:46:35,436 [Worker-46] INFO  o.e.m.c.i.embedder.EclipseLogger - skip non existing resourceDirectory C:\Users\Administrator\Desktop\ssm\heaven_travel\service\src\main\resources
2019-06-30 10:46:35,438 [Worker-46] WARN  o.e.m.c.i.embedder.EclipseLogger - Using platform encoding (GBK actually) to copy filtered resources, i.e. build is platform dependent!
2019-06-30 10:46:35,439 [Worker-46] INFO  o.e.m.c.i.embedder.EclipseLogger - skip non existing resourceDirectory C:\Users\Administrator\Desktop\ssm\heaven_travel\service\src\test\resources
2019-06-30 10:46:35,563 [Worker-46] INFO  o.e.m.c.i.embedder.EclipseLogger - Using 'UTF-8' encoding to copy filtered resources.
2019-06-30 10:46:35,566 [Worker-46] INFO  o.e.m.c.i.embedder.EclipseLogger - Copying 0 resource
2019-06-30 10:46:35,568 [Worker-46] INFO  o.e.m.c.i.embedder.EclipseLogger - Using 'UTF-8' encoding to copy filtered resources.
2019-06-30 10:46:35,568 [Worker-46] INFO  o.e.m.c.i.embedder.EclipseLogger - skip non existing resourceDirectory C:\Users\Administrator\Desktop\ssm\heaven_travel\web\src\test\resources
2019-06-30 10:46:47,383 [Worker-48] INFO  o.e.m.i.launch.MavenLaunchDelegate - C:\Users\Administrator\Desktop\ssm\heaven_travel\parent
2019-06-30 10:46:47,384 [Worker-48] INFO  o.e.m.i.launch.MavenLaunchDelegate -  mvn -B -s D:\IDEA\apache-maven-3.5.2\conf\settings.xml clean
2019-06-30 10:47:10,185 [Worker-42] INFO  o.e.m.i.launch.MavenLaunchDelegate - C:\Users\Administrator\Desktop\ssm\heaven_travel\parent
2019-06-30 10:47:10,186 [Worker-42] INFO  o.e.m.i.launch.MavenLaunchDelegate -  mvn -B -s D:\IDEA\apache-maven-3.5.2\conf\settings.xml install
2019-06-30 10:47:27,687 [Worker-45] INFO  o.e.m.i.launch.MavenLaunchDelegate - C:\Users\Administrator\Desktop\ssm\heaven_travel\web
2019-06-30 10:47:27,687 [Worker-45] INFO  o.e.m.i.launch.MavenLaunchDelegate -  mvn -B -s D:\IDEA\apache-maven-3.5.2\conf\settings.xml clean
2019-06-30 10:47:28,552 [Worker-45] INFO  o.e.m.c.i.embedder.EclipseLogger - Using 'UTF-8' encoding to copy filtered resources.
2019-06-30 10:47:28,553 [Worker-45] INFO  o.e.m.c.i.embedder.EclipseLogger - Copying 5 resources
2019-06-30 10:47:28,625 [Worker-45] INFO  o.e.m.c.i.embedder.EclipseLogger - Using 'UTF-8' encoding to copy filtered resources.
2019-06-30 10:47:28,626 [Worker-45] INFO  o.e.m.c.i.embedder.EclipseLogger - skip non existing resourceDirectory C:\Users\Administrator\Desktop\ssm\heaven_travel\web\src\test\resources
2019-06-30 10:47:28,627 [Worker-45] INFO  o.e.m.w.i.f.ResourceFilteringBuildParticipant - Changed resources require a complete clean of filtered resources of web
2019-06-30 10:47:28,627 [Worker-45] INFO  o.e.m.w.i.f.ResourceFilteringBuildParticipant - Executing resource filtering for web
2019-06-30 10:47:28,641 [Worker-45] INFO  o.e.m.c.i.embedder.EclipseLogger - Using 'UTF-8' encoding to copy filtered resources.
2019-06-30 10:47:33,658 [Worker-42] INFO  o.e.m.c.i.embedder.EclipseLogger - Using 'UTF-8' encoding to copy filtered resources.
2019-06-30 10:47:33,659 [Worker-42] INFO  o.e.m.c.i.embedder.EclipseLogger - Copying 5 resources
2019-06-30 10:47:33,674 [Worker-42] INFO  o.e.m.c.i.embedder.EclipseLogger - Using 'UTF-8' encoding to copy filtered resources.
2019-06-30 10:47:33,674 [Worker-42] INFO  o.e.m.c.i.embedder.EclipseLogger - skip non existing resourceDirectory C:\Users\Administrator\Desktop\ssm\heaven_travel\web\src\test\resources
2019-06-30 10:47:33,675 [Worker-42] INFO  o.e.m.w.i.f.ResourceFilteringBuildParticipant - Changed resources require a complete clean of filtered resources of web
2019-06-30 10:47:33,675 [Worker-42] INFO  o.e.m.w.i.f.ResourceFilteringBuildParticipant - Executing resource filtering for web
2019-06-30 10:47:33,681 [Worker-42] INFO  o.e.m.c.i.embedder.EclipseLogger - Using 'UTF-8' encoding to copy filtered resources.
2019-06-30 10:47:53,653 [main] INFO  o.e.m2e.actions.ExecutePomAction - Creating new launch configuration
2019-06-30 10:48:37,999 [Worker-35] INFO  o.e.m.i.launch.MavenLaunchDelegate - C:\Users\Administrator\Desktop\ssm\heaven_travel\web
2019-06-30 10:48:37,999 [Worker-35] INFO  o.e.m.i.launch.MavenLaunchDelegate -  mvn -B -s D:\IDEA\apache-maven-3.5.2\conf\settings.xml tomcat7:run
2019-06-30 10:50:49,459 [Worker-49] INFO  o.e.m.c.i.l.LifecycleMappingFactory - Using NULL lifecycle mapping for MavenProject: com.itheima:parent:1.0-SNAPSHOT @ C:\Users\Administrator\Desktop\ssm\heaven_travel\parent\pom.xml.
2019-06-30 10:50:49,787 [Worker-49] INFO  o.e.m.c.i.l.LifecycleMappingFactory - Using org.eclipse.m2e.jdt.JarLifecycleMapping lifecycle mapping for MavenProject: com.itheima:utils:1.0-SNAPSHOT @ C:\Users\Administrator\Desktop\ssm\heaven_travel\utils\pom.xml.
2019-06-30 10:50:49,810 [Worker-49] INFO  o.e.m.c.i.l.LifecycleMappingFactory - Using org.maven.ide.eclipse.wtp.WarLifecycleMapping lifecycle mapping for MavenProject: com.itheima:web:1.0-SNAPSHOT @ C:\Users\Administrator\Desktop\ssm\heaven_travel\web\pom.xml.
2019-06-30 10:50:49,838 [Worker-49] INFO  o.e.m.c.i.l.LifecycleMappingFactory - Using org.eclipse.m2e.jdt.JarLifecycleMapping lifecycle mapping for MavenProject: com.itheima:service:1.0-SNAPSHOT @ C:\Users\Administrator\Desktop\ssm\heaven_travel\service\pom.xml.
2019-06-30 10:50:49,870 [Worker-49] INFO  o.e.m.c.i.l.LifecycleMappingFactory - Using org.eclipse.m2e.jdt.JarLifecycleMapping lifecycle mapping for MavenProject: com.itheima:domain:1.0-SNAPSHOT @ C:\Users\Administrator\Desktop\ssm\heaven_travel\domain\pom.xml.
2019-06-30 10:50:49,895 [Worker-49] INFO  o.e.m.c.i.l.LifecycleMappingFactory - Using org.eclipse.m2e.jdt.JarLifecycleMapping lifecycle mapping for MavenProject: com.itheima:dao:1.0-SNAPSHOT @ C:\Users\Administrator\Desktop\ssm\heaven_travel\dao\pom.xml.
2019-06-30 10:50:51,835 [Worker-50] WARN  o.e.m.c.i.embedder.EclipseLogger - Using platform encoding (GBK actually) to copy filtered resources, i.e. build is platform dependent!
2019-06-30 10:50:51,836 [Worker-50] INFO  o.e.m.c.i.embedder.EclipseLogger - skip non existing resourceDirectory C:\Users\Administrator\Desktop\ssm\heaven_travel\utils\src\main\resources
2019-06-30 10:50:51,839 [Worker-50] WARN  o.e.m.c.i.embedder.EclipseLogger - Using platform encoding (GBK actually) to copy filtered resources, i.e. build is platform dependent!
2019-06-30 10:50:51,840 [Worker-50] INFO  o.e.m.c.i.embedder.EclipseLogger - skip non existing resourceDirectory C:\Users\Administrator\Desktop\ssm\heaven_travel\utils\src\test\resources
2019-06-30 10:50:51,972 [Worker-50] WARN  o.e.m.c.i.embedder.EclipseLogger - Using platform encoding (GBK actually) to copy filtered resources, i.e. build is platform dependent!
2019-06-30 10:50:51,973 [Worker-50] INFO  o.e.m.c.i.embedder.EclipseLogger - skip non existing resourceDirectory C:\Users\Administrator\Desktop\ssm\heaven_travel\domain\src\main\resources
2019-06-30 10:50:51,977 [Worker-50] WARN  o.e.m.c.i.embedder.EclipseLogger - Using platform encoding (GBK actually) to copy filtered resources, i.e. build is platform dependent!
2019-06-30 10:50:51,978 [Worker-50] INFO  o.e.m.c.i.embedder.EclipseLogger - skip non existing resourceDirectory C:\Users\Administrator\Desktop\ssm\heaven_travel\domain\src\test\resources
2019-06-30 10:50:52,161 [Worker-50] WARN  o.e.m.c.i.embedder.EclipseLogger - Using platform encoding (GBK actually) to copy filtered resources, i.e. build is platform dependent!
2019-06-30 10:50:52,162 [Worker-50] INFO  o.e.m.c.i.embedder.EclipseLogger - skip non existing resourceDirectory C:\Users\Administrator\Desktop\ssm\heaven_travel\dao\src\main\resources
2019-06-30 10:50:52,163 [Worker-50] WARN  o.e.m.c.i.embedder.EclipseLogger - Using platform encoding (GBK actually) to copy filtered resources, i.e. build is platform dependent!
2019-06-30 10:50:52,164 [Worker-50] INFO  o.e.m.c.i.embedder.EclipseLogger - skip non existing resourceDirectory C:\Users\Administrator\Desktop\ssm\heaven_travel\dao\src\test\resources
2019-06-30 10:50:52,281 [Worker-50] WARN  o.e.m.c.i.embedder.EclipseLogger - Using platform encoding (GBK actually) to copy filtered resources, i.e. build is platform dependent!
2019-06-30 10:50:52,282 [Worker-50] INFO  o.e.m.c.i.embedder.EclipseLogger - skip non existing resourceDirectory C:\Users\Administrator\Desktop\ssm\heaven_travel\service\src\main\resources
2019-06-30 10:50:52,284 [Worker-50] WARN  o.e.m.c.i.embedder.EclipseLogger - Using platform encoding (GBK actually) to copy filtered resources, i.e. build is platform dependent!
2019-06-30 10:50:52,284 [Worker-50] INFO  o.e.m.c.i.embedder.EclipseLogger - skip non existing resourceDirectory C:\Users\Administrator\Desktop\ssm\heaven_travel\service\src\test\resources
2019-06-30 10:50:52,458 [Worker-50] INFO  o.e.m.c.i.embedder.EclipseLogger - Using 'UTF-8' encoding to copy filtered resources.
2019-06-30 10:50:52,462 [Worker-50] INFO  o.e.m.c.i.embedder.EclipseLogger - Copying 0 resource
2019-06-30 10:50:52,463 [Worker-50] INFO  o.e.m.c.i.embedder.EclipseLogger - Using 'UTF-8' encoding to copy filtered resources.
2019-06-30 10:50:52,464 [Worker-50] INFO  o.e.m.c.i.embedder.EclipseLogger - skip non existing resourceDirectory C:\Users\Administrator\Desktop\ssm\heaven_travel\web\src\test\resources
